#
# A fatal error has been detected by the Java Runtime Environment:
#
#  Internal Error (vmThread.cpp:658), pid=6725, tid=0x0000000000003103
#  fatal error: Nested VM operation CollectForMetadataAllocation requested by operation ChangeBreakpoints
#
# JRE version: Java(TM) SE Runtime Environment (8.0_151-b12) (build 1.8.0_151-b12)
# Java VM: Java HotSpot(TM) 64-Bit Server VM (25.151-b12 mixed mode bsd-amd64 compressed oops)
# Failed to write core dump. Core dumps have been disabled. To enable core dumping, try "ulimit -c unlimited" before starting Java again
#
# If you would like to submit a bug report, please visit:
#   http://bugreport.java.com/bugreport/crash.jsp
#

---------------  T H R E A D  ---------------

Current thread (0x00007fec67049000):  VMThread [stack: 0x000070000e29c000,0x000070000e39c000] [id=12547]

Stack: [0x000070000e29c000,0x000070000e39c000],  sp=0x000070000e39b3d0,  free space=1020k
Native frames: (J=compiled Java code, j=interpreted, Vv=VM code, C=native code)
V  [libjvm.dylib+0x5b1f96]  VMError::report_and_die()+0x3f8
V  [libjvm.dylib+0x1e8615]  report_vm_error(char const*, int, char const*, char const*)+0x54
V  [libjvm.dylib+0x5b8b0a]  VMThread::execute(VM_Operation*)+0x1ae
V  [libjvm.dylib+0x1a0b20]  CollectorPolicy::satisfy_failed_metadata_allocation(ClassLoaderData*, unsigned long, Metaspace::MetadataType)+0x8c
V  [libjvm.dylib+0x449bd4]  Metaspace::allocate(ClassLoaderData*, unsigned long, bool, MetaspaceObj::Type, Thread*)+0x166
V  [libjvm.dylib+0x453d1a]  MethodCounters::allocate(ClassLoaderData*, Thread*)+0x26
V  [libjvm.dylib+0x450ae5]  Method::build_method_counters(Method*, Thread*)+0x63
V  [libjvm.dylib+0x452731]  Method::get_method_counters(Thread*)+0x21
V  [libjvm.dylib+0x45278e]  Method::incr_number_of_breakpoints(Thread*)+0x14
V  [libjvm.dylib+0x450cdd]  BreakpointInfo::set(Method*)+0x3d
V  [libjvm.dylib+0x39ac0e]  JvmtiBreakpoint::each_method_version_do(void (Method::*)(int))+0xa2
V  [libjvm.dylib+0x5b9b29]  VM_Operation::evaluate()+0x4f
V  [libjvm.dylib+0x5b8195]  VMThread::evaluate_operation(VM_Operation*)+0xdf
V  [libjvm.dylib+0x5b85e2]  VMThread::loop()+0x328
V  [libjvm.dylib+0x5b7f01]  VMThread::run()+0x79
V  [libjvm.dylib+0x48bbb2]  java_start(Thread*)+0xf6
C  [libsystem_pthread.dylib+0x6109]  _pthread_start+0x94
C  [libsystem_pthread.dylib+0x1b8b]  thread_start+0xf

VM_Operation (0x000070000e8ad9c0): ChangeBreakpoints, mode: safepoint, requested by thread 0x00007fec64018000


---------------  P R O C E S S  ---------------

Java Threads: ( => current thread )
  0x00007fec656fb800 JavaThread "ScalaTest-dispatcher" [_thread_blocked, id=42243, stack(0x000070000f0c9000,0x000070000f1c9000)]
  0x00007fec670f9800 JavaThread "Service Thread" daemon [_thread_blocked, id=22787, stack(0x000070000eec3000,0x000070000efc3000)]
  0x00007fec6682d000 JavaThread "C1 CompilerThread3" daemon [_thread_blocked, id=22275, stack(0x000070000edc0000,0x000070000eec0000)]
  0x00007fec6a80b800 JavaThread "C2 CompilerThread2" daemon [_thread_blocked, id=22019, stack(0x000070000ecbd000,0x000070000edbd000)]
  0x00007fec6682c000 JavaThread "C2 CompilerThread1" daemon [_thread_blocked, id=21763, stack(0x000070000ebba000,0x000070000ecba000)]
  0x00007fec6407a000 JavaThread "C2 CompilerThread0" daemon [_thread_blocked, id=16387, stack(0x000070000eab7000,0x000070000ebb7000)]
  0x00007fec64019800 JavaThread "JDWP Command Reader" daemon [_thread_in_native, id=16643, stack(0x000070000e9b4000,0x000070000eab4000)]
  0x00007fec64017000 JavaThread "JDWP Event Helper Thread" daemon [_thread_blocked, id=16899, stack(0x000070000e8b1000,0x000070000e9b1000)]
  0x00007fec64018000 JavaThread "JDWP Transport Listener: dt_socket" daemon [_thread_blocked, id=15367, stack(0x000070000e7ae000,0x000070000e8ae000)]
  0x00007fec64014000 JavaThread "Signal Dispatcher" daemon [_thread_blocked, id=17411, stack(0x000070000e6ab000,0x000070000e7ab000)]
  0x00007fec67050800 JavaThread "Finalizer" daemon [_thread_blocked, id=13315, stack(0x000070000e4a2000,0x000070000e5a2000)]
  0x00007fec6704d800 JavaThread "Reference Handler" daemon [_thread_blocked, id=12803, stack(0x000070000e39f000,0x000070000e49f000)]
  0x00007fec6480f800 JavaThread "ScalaTest-run" [_thread_blocked, id=4611, stack(0x000070000d77b000,0x000070000d87b000)]

Other Threads:
=>0x00007fec67049000 VMThread [stack: 0x000070000e29c000,0x000070000e39c000] [id=12547]
  0x00007fec67102800 WatcherThread [stack: 0x000070000efc6000,0x000070000f0c6000] [id=42755]

VM state:at safepoint (normal execution)

VM Mutex/Monitor currently owned by a thread:  ([mutex/lock_event])
[0x00007fec661057b0] Threads_lock - owner thread: 0x00007fec67049000

Heap:
 PSYoungGen      total 76288K, used 57829K [0x000000076ab00000, 0x0000000770000000, 0x00000007c0000000)
  eden space 65536K, 77% used [0x000000076ab00000,0x000000076dc59b20,0x000000076eb00000)
  from space 10752K, 67% used [0x000000076eb00000,0x000000076f21fae0,0x000000076f580000)
  to   space 10752K, 0% used [0x000000076f580000,0x000000076f580000,0x0000000770000000)
 ParOldGen       total 175104K, used 16K [0x00000006c0000000, 0x00000006cab00000, 0x000000076ab00000)
  object space 175104K, 0% used [0x00000006c0000000,0x00000006c0004000,0x00000006cab00000)
 Metaspace       used 20010K, capacity 21144K, committed 21248K, reserved 1067008K
  class space    used 2585K, capacity 2736K, committed 2816K, reserved 1048576K

Card table byte_map: [0x000000010f967000,0x0000000110168000] byte_map_base: 0x000000010c367000

Marking Bits: (ParMarkBitMap*) 0x000000010eef35d0
 Begin Bits: [0x00000001106be000, 0x00000001146be000)
 End Bits:   [0x00000001146be000, 0x00000001186be000)

Polling page: 0x000000010cd34000

CodeCache: size=245760Kb used=4916Kb max_used=4916Kb free=240843Kb
 bounds [0x0000000119a52000, 0x0000000119f22000, 0x0000000128a52000]
 total_blobs=1793 nmethods=1351 adapters=363
 compilation: enabled

Compilation events (10 events):
Event: 3.091 Thread 0x00007fec6682d000 1346       3       scala.collection.mutable.BufferLike::$init$ (1 bytes)
Event: 3.091 Thread 0x00007fec6682d000 nmethod 1346 0x0000000119f150d0 code [0x0000000119f15220, 0x0000000119f15350]
Event: 3.093 Thread 0x00007fec6682d000 1347       3       java.lang.invoke.MethodHandleImpl::valueConversion (324 bytes)
Event: 3.094 Thread 0x00007fec6682d000 nmethod 1347 0x0000000119f1d010 code [0x0000000119f1d2c0, 0x0000000119f1e418]
Event: 3.094 Thread 0x00007fec6682d000 1350       1       jdk.internal.org.objectweb.asm.MethodWriter::visitCode (1 bytes)
Event: 3.094 Thread 0x00007fec6682d000 nmethod 1350 0x0000000119f1eb90 code [0x0000000119f1ece0, 0x0000000119f1edf0]
Event: 3.094 Thread 0x00007fec6682d000 1348       3       java.lang.invoke.LambdaFormEditor::filterArgumentForm (123 bytes)
Event: 3.095 Thread 0x00007fec6682d000 nmethod 1348 0x0000000119f1ee50 code [0x0000000119f1f040, 0x0000000119f1f858]
Event: 3.095 Thread 0x00007fec6682d000 1351  s    3       java.io.FileDescriptor::attach (73 bytes)
Event: 3.096 Thread 0x00007fec6682d000 nmethod 1351 0x0000000119f1fc50 code [0x0000000119f1fe60, 0x0000000119f20a88]

GC Heap History (2 events):
Event: 2.281 GC heap before
{Heap before GC invocations=1 (full 0):
 PSYoungGen      total 76288K, used 65379K [0x000000076ab00000, 0x0000000770000000, 0x00000007c0000000)
  eden space 65536K, 99% used [0x000000076ab00000,0x000000076ead8ca8,0x000000076eb00000)
  from space 10752K, 0% used [0x000000076f580000,0x000000076f580000,0x0000000770000000)
  to   space 10752K, 0% used [0x000000076eb00000,0x000000076eb00000,0x000000076f580000)
 ParOldGen       total 175104K, used 0K [0x00000006c0000000, 0x00000006cab00000, 0x000000076ab00000)
  object space 175104K, 0% used [0x00000006c0000000,0x00000006c0000000,0x00000006cab00000)
 Metaspace       used 12332K, capacity 12770K, committed 12928K, reserved 1060864K
  class space    used 1561K, capacity 1643K, committed 1664K, reserved 1048576K
Event: 2.292 GC heap after
Heap after GC invocations=1 (full 0):
 PSYoungGen      total 76288K, used 7294K [0x000000076ab00000, 0x0000000770000000, 0x00000007c0000000)
  eden space 65536K, 0% used [0x000000076ab00000,0x000000076ab00000,0x000000076eb00000)
  from space 10752K, 67% used [0x000000076eb00000,0x000000076f21fae0,0x000000076f580000)
  to   space 10752K, 0% used [0x000000076f580000,0x000000076f580000,0x0000000770000000)
 ParOldGen       total 175104K, used 16K [0x00000006c0000000, 0x00000006cab00000, 0x000000076ab00000)
  object space 175104K, 0% used [0x00000006c0000000,0x00000006c0004000,0x00000006cab00000)
 Metaspace       used 12332K, capacity 12770K, committed 12928K, reserved 1060864K
  class space    used 1561K, capacity 1643K, committed 1664K, reserved 1048576K
}

Deoptimization events (10 events):
Event: 2.145 Thread 0x00007fec6480f800 Uncommon trap: reason=unstable_if action=reinterpret pc=0x0000000119d61c5c method=java.io.File.exists()Z @ 34
Event: 2.174 Thread 0x00007fec6480f800 Uncommon trap: reason=unstable_if action=reinterpret pc=0x0000000119c4bd80 method=sun.net.www.ParseUtil.encodePath(Ljava/lang/String;Z)Ljava/lang/String; @ 109
Event: 2.247 Thread 0x00007fec6480f800 Uncommon trap: reason=unstable_if action=reinterpret pc=0x0000000119cb502c method=java.util.HashMap.getNode(ILjava/lang/Object;)Ljava/util/HashMap$Node; @ 62
Event: 2.248 Thread 0x00007fec6480f800 Uncommon trap: reason=unstable_if action=reinterpret pc=0x0000000119c5b4c0 method=java.util.HashMap.getNode(ILjava/lang/Object;)Ljava/util/HashMap$Node; @ 62
Event: 2.303 Thread 0x00007fec6480f800 Uncommon trap: reason=unstable_if action=reinterpret pc=0x0000000119d8637c method=java.lang.ref.SoftReference.get()Ljava/lang/Object; @ 17
Event: 2.712 Thread 0x00007fec6480f800 Uncommon trap: reason=unstable_if action=reinterpret pc=0x0000000119d0c7fc method=java.lang.String.indexOf([CII[CIII)I @ 3
Event: 2.827 Thread 0x00007fec6480f800 Uncommon trap: reason=bimorphic action=maybe_recompile pc=0x0000000119e2982c method=java.util.HashMap.putVal(ILjava/lang/Object;Ljava/lang/Object;ZZ)Ljava/lang/Object; @ 91
Event: 2.827 Thread 0x00007fec6480f800 Uncommon trap: reason=bimorphic action=maybe_recompile pc=0x0000000119e2982c method=java.util.HashMap.putVal(ILjava/lang/Object;Ljava/lang/Object;ZZ)Ljava/lang/Object; @ 91
Event: 2.924 Thread 0x00007fec6480f800 Uncommon trap: reason=unstable_if action=reinterpret pc=0x0000000119b6d880 method=sun.nio.cs.UTF_8$Encoder.encode([CII[B)I @ 33
Event: 2.974 Thread 0x00007fec6480f800 Uncommon trap: reason=bimorphic action=maybe_recompile pc=0x0000000119e2982c method=java.util.HashMap.putVal(ILjava/lang/Object;Ljava/lang/Object;ZZ)Ljava/lang/Object; @ 91

Internal exceptions (10 events):
Event: 3.000 Thread 0x00007fec6480f800 Exception <a 'java/lang/NoSuchMethodError': java.lang.Object.$anonfun$foldLeft$1$adapted(Lscala/runtime/ObjectRef;Lscala/Function2;Ljava/lang/Object;)Ljava/lang/Object;> (0x000000076d602608) thrown at [/Users/java_re/workspace/8-2-build-macosx-x86_64/jdk8
Event: 3.006 Thread 0x00007fec6480f800 Exception <a 'java/lang/NoSuchMethodError': java.lang.Object.$anonfun$mapAsScalaMapConverter$1(Lscala/collection/convert/DecorateAsScala;Ljava/util/Map;)Lscala/collection/mutable/Map;> (0x000000076d65a9c0) thrown at [/Users/java_re/workspace/8-2-build-mac
Event: 3.014 Thread 0x00007fec6480f800 Exception <a 'java/lang/NoSuchMethodError': java.lang.Object.$anonfun$toSeq$1(Lscala/collection/mutable/ArrayBuffer;Lscala/Tuple2;)Lscala/collection/mutable/ArrayBuffer;> (0x000000076d6a7f70) thrown at [/Users/java_re/workspace/8-2-build-macosx-x86_64/jdk
Event: 3.063 Thread 0x00007fec6480f800 Exception <a 'java/lang/NoSuchMethodError': java.lang.Object.$anonfun$toSeq$1(Lscala/collection/mutable/Builder;Lscala/Tuple2;)Lscala/collection/mutable/Builder;> (0x000000076da4d0b0) thrown at [/Users/java_re/workspace/8-2-build-macosx-x86_64/jdk8u151/96
Event: 3.064 Thread 0x00007fec6480f800 Exception <a 'java/lang/NoSuchMethodError': java.lang.Object.$anonfun$groupBy$1(Lscala/collection/TraversableLike;Lscala/Function1;Lscala/collection/mutable/Map;Ljava/lang/Object;)Lscala/collection/mutable/Builder;> (0x000000076da58528) thrown at [/Users/
Event: 3.065 Thread 0x00007fec6480f800 Exception <a 'java/lang/NoSuchMethodError': java.lang.Object.$anonfun$groupBy$2(Lscala/collection/TraversableLike;)Lscala/collection/mutable/Builder;> (0x000000076da5f670) thrown at [/Users/java_re/workspace/8-2-build-macosx-x86_64/jdk8u151/9699/hotspot/s
Event: 3.065 Thread 0x00007fec6480f800 Exception <a 'java/lang/NoSuchMethodError': java.lang.Object.$anonfun$groupBy$3$adapted(Lscala/Tuple2;)Ljava/lang/Object;> (0x000000076da65340) thrown at [/Users/java_re/workspace/8-2-build-macosx-x86_64/jdk8u151/9699/hotspot/src/share/vm/interpreter/link
Event: 3.066 Thread 0x00007fec6480f800 Exception <a 'java/lang/NoSuchMethodError': java.lang.Object.$anonfun$groupBy$4(Lscala/collection/mutable/Builder;Lscala/Tuple2;)Lscala/collection/mutable/Builder;> (0x000000076da7a2e8) thrown at [/Users/java_re/workspace/8-2-build-macosx-x86_64/jdk8u151/
Event: 3.093 Thread 0x00007fec6480f800 Exception <a 'java/lang/NoSuchMethodError': java.lang.Object.$anonfun$toMap$1(Lscala/collection/mutable/Builder;Lscala/Predef$$less$colon$less;Ljava/lang/Object;)Lscala/collection/mutable/Builder;> (0x000000076dbba150) thrown at [/Users/java_re/workspace/
Event: 3.093 Thread 0x00007fec6480f800 Exception <a 'java/lang/NoSuchMethodError': java.lang.Object.$anonfun$$plus$plus$1(Lscala/collection/immutable/Map;Lscala/Tuple2;)Lscala/collection/immutable/Map;> (0x000000076dbc1650) thrown at [/Users/java_re/workspace/8-2-build-macosx-x86_64/jdk8u151/9

Events (10 events):
Event: 3.096 Thread 0x00007fec6480f800 DEOPT UNPACKING pc=0x0000000119a99633 sp=0x000070000d877d40 mode 1
Event: 3.097 loading class com/useoptic/diff/interactions/interpreters/MissingValueInterpreter
Event: 3.097 loading class com/useoptic/diff/interactions/interpreters/MissingValueInterpreter done
Event: 3.097 Thread 0x00007fec6480f800 DEOPT PACKING pc=0x0000000119c3baf1 sp=0x000070000d877cf0
Event: 3.097 Thread 0x00007fec6480f800 DEOPT UNPACKING pc=0x0000000119a99633 sp=0x000070000d877a60 mode 1
Event: 3.097 Thread 0x00007fec6480f800 DEOPT PACKING pc=0x0000000119c34514 sp=0x000070000d877d70
Event: 3.097 Thread 0x00007fec6480f800 DEOPT UNPACKING pc=0x0000000119a99633 sp=0x000070000d877bb0 mode 1
Event: 3.097 Thread 0x00007fec6480f800 DEOPT PACKING pc=0x0000000119c342b4 sp=0x000070000d877f00
Event: 3.097 Thread 0x00007fec6480f800 DEOPT UNPACKING pc=0x0000000119a99633 sp=0x000070000d877d40 mode 1
Event: 3.113 Executing VM operation: ChangeBreakpoints


Dynamic libraries:
0x000000000b724000 	/System/Library/Frameworks/Cocoa.framework/Versions/A/Cocoa
0x000000000b724000 	/System/Library/Frameworks/Security.framework/Versions/A/Security
0x000000000b724000 	/System/Library/Frameworks/ApplicationServices.framework/Versions/A/ApplicationServices
0x000000000b724000 	/usr/lib/libz.1.dylib
0x000000000b724000 	/usr/lib/libSystem.B.dylib
0x000000000b724000 	/usr/lib/libobjc.A.dylib
0x000000000b724000 	/System/Library/Frameworks/CoreFoundation.framework/Versions/A/CoreFoundation
0x000000000b724000 	/System/Library/Frameworks/Foundation.framework/Versions/C/Foundation
0x000000000b724000 	/System/Library/Frameworks/AppKit.framework/Versions/C/AppKit
0x000000000b724000 	/System/Library/Frameworks/CoreData.framework/Versions/A/CoreData
0x000000000b724000 	/System/Library/PrivateFrameworks/UIFoundation.framework/Versions/A/UIFoundation
0x000000000b724000 	/System/Library/PrivateFrameworks/RemoteViewServices.framework/Versions/A/RemoteViewServices
0x000000000b724000 	/System/Library/PrivateFrameworks/XCTTargetBootstrap.framework/Versions/A/XCTTargetBootstrap
0x000000000b724000 	/System/Library/Frameworks/CoreDisplay.framework/Versions/A/CoreDisplay
0x000000000b724000 	/System/Library/Frameworks/Metal.framework/Versions/A/Metal
0x000000000b724000 	/System/Library/PrivateFrameworks/DesktopServicesPriv.framework/Versions/A/DesktopServicesPriv
0x000000000b724000 	/usr/lib/liblangid.dylib
0x000000000b724000 	/System/Library/PrivateFrameworks/CoreSVG.framework/Versions/A/CoreSVG
0x000000000b724000 	/System/Library/PrivateFrameworks/SkyLight.framework/Versions/A/SkyLight
0x000000000b724000 	/System/Library/Frameworks/CoreGraphics.framework/Versions/A/CoreGraphics
0x000000000b724000 	/System/Library/Frameworks/Accelerate.framework/Versions/A/Accelerate
0x000000000b724000 	/usr/lib/libxml2.2.dylib
0x000000000b724000 	/System/Library/PrivateFrameworks/IconServices.framework/Versions/A/IconServices
0x000000000b724000 	/System/Library/Frameworks/IOSurface.framework/Versions/A/IOSurface
0x000000000b724000 	/usr/lib/libDiagnosticMessagesClient.dylib
0x000000000b724000 	/System/Library/PrivateFrameworks/DFRFoundation.framework/Versions/A/DFRFoundation
0x000000000b724000 	/usr/lib/libicucore.A.dylib
0x000000000b724000 	/System/Library/Frameworks/AudioToolbox.framework/Versions/A/AudioToolbox
0x000000000b724000 	/System/Library/Frameworks/AudioUnit.framework/Versions/A/AudioUnit
0x000000000b724000 	/usr/lib/libauto.dylib
0x000000000b724000 	/System/Library/PrivateFrameworks/DataDetectorsCore.framework/Versions/A/DataDetectorsCore
0x000000000b724000 	/System/Library/Frameworks/Carbon.framework/Versions/A/Frameworks/HIToolbox.framework/Versions/A/HIToolbox
0x000000000b724000 	/System/Library/Frameworks/QuartzCore.framework/Versions/A/QuartzCore
0x000000000b724000 	/System/Library/Frameworks/Carbon.framework/Versions/A/Frameworks/SpeechRecognition.framework/Versions/A/SpeechRecognition
0x000000000b724000 	/System/Library/PrivateFrameworks/CoreUI.framework/Versions/A/CoreUI
0x000000000b724000 	/System/Library/Frameworks/CoreAudio.framework/Versions/A/CoreAudio
0x000000000b724000 	/System/Library/Frameworks/DiskArbitration.framework/Versions/A/DiskArbitration
0x000000000b724000 	/System/Library/PrivateFrameworks/MultitouchSupport.framework/Versions/A/MultitouchSupport
0x000000000b724000 	/usr/lib/libenergytrace.dylib
0x000000000b724000 	/System/Library/Frameworks/IOKit.framework/Versions/A/IOKit
0x000000000b724000 	/System/Library/Frameworks/CoreServices.framework/Versions/A/CoreServices
0x000000000b724000 	/System/Library/PrivateFrameworks/PerformanceAnalysis.framework/Versions/A/PerformanceAnalysis
0x000000000b724000 	/System/Library/Frameworks/OpenGL.framework/Versions/A/OpenGL
0x000000000b724000 	/System/Library/Frameworks/ColorSync.framework/Versions/A/ColorSync
0x000000000b724000 	/System/Library/Frameworks/CoreImage.framework/Versions/A/CoreImage
0x000000000b724000 	/System/Library/Frameworks/CoreText.framework/Versions/A/CoreText
0x000000000b724000 	/System/Library/Frameworks/ImageIO.framework/Versions/A/ImageIO
0x000000000b724000 	/usr/lib/libc++.1.dylib
0x000000000b724000 	/usr/lib/libcompression.dylib
0x000000000b724000 	/usr/lib/libMobileGestalt.dylib
0x000000000b724000 	/System/Library/PrivateFrameworks/TextureIO.framework/Versions/A/TextureIO
0x000000000b724000 	/usr/lib/libate.dylib
0x000000000b724000 	/System/Library/PrivateFrameworks/InternationalSupport.framework/Versions/A/InternationalSupport
0x000000000b724000 	/usr/lib/system/libcache.dylib
0x000000000b724000 	/usr/lib/system/libcommonCrypto.dylib
0x000000000b724000 	/usr/lib/system/libcompiler_rt.dylib
0x000000000b724000 	/usr/lib/system/libcopyfile.dylib
0x000000000b724000 	/usr/lib/system/libcorecrypto.dylib
0x000000000b724000 	/usr/lib/system/libdispatch.dylib
0x000000000b724000 	/usr/lib/system/libdyld.dylib
0x000000000b724000 	/usr/lib/system/libkeymgr.dylib
0x000000000b724000 	/usr/lib/system/liblaunch.dylib
0x000000000b724000 	/usr/lib/system/libmacho.dylib
0x000000000b724000 	/usr/lib/system/libquarantine.dylib
0x000000000b724000 	/usr/lib/system/libremovefile.dylib
0x000000000b724000 	/usr/lib/system/libsystem_asl.dylib
0x000000000b724000 	/usr/lib/system/libsystem_blocks.dylib
0x000000000b724000 	/usr/lib/system/libsystem_c.dylib
0x000000000b724000 	/usr/lib/system/libsystem_configuration.dylib
0x000000000b724000 	/usr/lib/system/libsystem_coreservices.dylib
0x000000000b724000 	/usr/lib/system/libsystem_darwin.dylib
0x000000000b724000 	/usr/lib/system/libsystem_dnssd.dylib
0x000000000b724000 	/usr/lib/system/libsystem_featureflags.dylib
0x000000000b724000 	/usr/lib/system/libsystem_info.dylib
0x000000000b724000 	/usr/lib/system/libsystem_m.dylib
0x000000000b724000 	/usr/lib/system/libsystem_malloc.dylib
0x000000000b724000 	/usr/lib/system/libsystem_networkextension.dylib
0x000000000b724000 	/usr/lib/system/libsystem_notify.dylib
0x000000000b724000 	/usr/lib/system/libsystem_sandbox.dylib
0x000000000b724000 	/usr/lib/system/libsystem_secinit.dylib
0x000000000b724000 	/usr/lib/system/libsystem_kernel.dylib
0x000000000b724000 	/usr/lib/system/libsystem_platform.dylib
0x000000000b724000 	/usr/lib/system/libsystem_pthread.dylib
0x000000000b724000 	/usr/lib/system/libsystem_symptoms.dylib
0x000000000b724000 	/usr/lib/system/libsystem_trace.dylib
0x000000000b724000 	/usr/lib/system/libunwind.dylib
0x000000000b724000 	/usr/lib/system/libxpc.dylib
0x000000000b724000 	/usr/lib/libc++abi.dylib
0x000000000b724000 	/usr/lib/liblzma.5.dylib
0x000000000b724000 	/usr/lib/libfakelink.dylib
0x000000000b724000 	/usr/lib/libarchive.2.dylib
0x000000000b724000 	/System/Library/Frameworks/SystemConfiguration.framework/Versions/A/SystemConfiguration
0x000000000b724000 	/usr/lib/libCRFSuite.dylib
0x000000000b724000 	/System/Library/Frameworks/CFNetwork.framework/Versions/A/CFNetwork
0x000000000b724000 	/usr/lib/libbsm.0.dylib
0x000000000b724000 	/usr/lib/system/libkxld.dylib
0x000000000b724000 	/System/Library/PrivateFrameworks/AppleFSCompression.framework/Versions/A/AppleFSCompression
0x000000000b724000 	/usr/lib/libcoretls.dylib
0x000000000b724000 	/usr/lib/libcoretls_cfhelpers.dylib
0x000000000b724000 	/usr/lib/libpam.2.dylib
0x000000000b724000 	/usr/lib/libsqlite3.dylib
0x000000000b724000 	/usr/lib/libxar.1.dylib
0x000000000b724000 	/usr/lib/libbz2.1.0.dylib
0x000000000b724000 	/usr/lib/libiconv.2.dylib
0x000000000b724000 	/usr/lib/libcharset.1.dylib
0x000000000b724000 	/usr/lib/libnetwork.dylib
0x000000000b724000 	/usr/lib/libpcap.A.dylib
0x000000000b724000 	/usr/lib/libapple_nghttp2.dylib
0x000000000b724000 	/System/Library/Frameworks/CoreServices.framework/Versions/A/Frameworks/FSEvents.framework/Versions/A/FSEvents
0x000000000b724000 	/System/Library/Frameworks/CoreServices.framework/Versions/A/Frameworks/CarbonCore.framework/Versions/A/CarbonCore
0x000000000b724000 	/System/Library/Frameworks/CoreServices.framework/Versions/A/Frameworks/Metadata.framework/Versions/A/Metadata
0x000000000b724000 	/System/Library/Frameworks/CoreServices.framework/Versions/A/Frameworks/OSServices.framework/Versions/A/OSServices
0x000000000b724000 	/System/Library/Frameworks/CoreServices.framework/Versions/A/Frameworks/SearchKit.framework/Versions/A/SearchKit
0x000000000b724000 	/System/Library/Frameworks/CoreServices.framework/Versions/A/Frameworks/AE.framework/Versions/A/AE
0x000000000b724000 	/System/Library/Frameworks/CoreServices.framework/Versions/A/Frameworks/LaunchServices.framework/Versions/A/LaunchServices
0x000000000b724000 	/System/Library/Frameworks/CoreServices.framework/Versions/A/Frameworks/DictionaryServices.framework/Versions/A/DictionaryServices
0x000000000b724000 	/System/Library/Frameworks/CoreServices.framework/Versions/A/Frameworks/SharedFileList.framework/Versions/A/SharedFileList
0x000000000b724000 	/System/Library/Frameworks/NetFS.framework/Versions/A/NetFS
0x000000000b724000 	/System/Library/PrivateFrameworks/NetAuth.framework/Versions/A/NetAuth
0x000000000b724000 	/System/Library/PrivateFrameworks/login.framework/Versions/A/Frameworks/loginsupport.framework/Versions/A/loginsupport
0x000000000b724000 	/System/Library/PrivateFrameworks/TCC.framework/Versions/A/TCC
0x000000000b724000 	/System/Library/PrivateFrameworks/CoreNLP.framework/Versions/A/CoreNLP
0x000000000b724000 	/System/Library/PrivateFrameworks/MetadataUtilities.framework/Versions/A/MetadataUtilities
0x000000000b724000 	/usr/lib/libmecabra.dylib
0x000000000b724000 	/usr/lib/libmecab.dylib
0x000000000b724000 	/usr/lib/libgermantok.dylib
0x000000000b724000 	/usr/lib/libThaiTokenizer.dylib
0x000000000b724000 	/usr/lib/libChineseTokenizer.dylib
0x000000000b724000 	/System/Library/Frameworks/Accelerate.framework/Versions/A/Frameworks/vImage.framework/Versions/A/vImage
0x000000000b724000 	/System/Library/Frameworks/Accelerate.framework/Versions/A/Frameworks/vecLib.framework/Versions/A/vecLib
0x000000000b724000 	/System/Library/Frameworks/Accelerate.framework/Versions/A/Frameworks/vecLib.framework/Versions/A/libvMisc.dylib
0x000000000b724000 	/System/Library/Frameworks/Accelerate.framework/Versions/A/Frameworks/vecLib.framework/Versions/A/libvDSP.dylib
0x000000000b724000 	/System/Library/Frameworks/Accelerate.framework/Versions/A/Frameworks/vecLib.framework/Versions/A/libBLAS.dylib
0x000000000b724000 	/System/Library/Frameworks/Accelerate.framework/Versions/A/Frameworks/vecLib.framework/Versions/A/libLAPACK.dylib
0x000000000b724000 	/System/Library/Frameworks/Accelerate.framework/Versions/A/Frameworks/vecLib.framework/Versions/A/libLinearAlgebra.dylib
0x000000000b724000 	/System/Library/Frameworks/Accelerate.framework/Versions/A/Frameworks/vecLib.framework/Versions/A/libSparseBLAS.dylib
0x000000000b724000 	/System/Library/Frameworks/Accelerate.framework/Versions/A/Frameworks/vecLib.framework/Versions/A/libQuadrature.dylib
0x000000000b724000 	/System/Library/Frameworks/Accelerate.framework/Versions/A/Frameworks/vecLib.framework/Versions/A/libBNNS.dylib
0x000000000b724000 	/System/Library/Frameworks/Accelerate.framework/Versions/A/Frameworks/vecLib.framework/Versions/A/libSparse.dylib
0x000000000b724000 	/System/Library/PrivateFrameworks/LanguageModeling.framework/Versions/A/LanguageModeling
0x000000000b724000 	/System/Library/PrivateFrameworks/CoreEmoji.framework/Versions/A/CoreEmoji
0x000000000b724000 	/System/Library/PrivateFrameworks/LinguisticData.framework/Versions/A/LinguisticData
0x000000000b724000 	/System/Library/PrivateFrameworks/Lexicon.framework/Versions/A/Lexicon
0x000000000b724000 	/usr/lib/libcmph.dylib
0x000000000b724000 	/System/Library/Frameworks/OpenDirectory.framework/Versions/A/Frameworks/CFOpenDirectory.framework/Versions/A/CFOpenDirectory
0x000000000b724000 	/System/Library/Frameworks/OpenDirectory.framework/Versions/A/OpenDirectory
0x000000000b724000 	/System/Library/PrivateFrameworks/APFS.framework/Versions/A/APFS
0x000000000b724000 	/System/Library/Frameworks/SecurityFoundation.framework/Versions/A/SecurityFoundation
0x000000000b724000 	/usr/lib/libutil.dylib
0x000000000b724000 	/System/Library/PrivateFrameworks/CoreServicesStore.framework/Versions/A/CoreServicesStore
0x000000000b724000 	/System/Library/Frameworks/ServiceManagement.framework/Versions/A/ServiceManagement
0x000000000b724000 	/System/Library/PrivateFrameworks/BackgroundTaskManagement.framework/Versions/A/BackgroundTaskManagement
0x000000000b724000 	/usr/lib/libxslt.1.dylib
0x000000000b724000 	/System/Library/PrivateFrameworks/AppleSystemInfo.framework/Versions/A/AppleSystemInfo
0x000000000b724000 	/System/Library/Frameworks/ImageIO.framework/Versions/A/Resources/libJPEG.dylib
0x000000000b724000 	/System/Library/Frameworks/ImageIO.framework/Versions/A/Resources/libTIFF.dylib
0x000000000b724000 	/System/Library/Frameworks/ImageIO.framework/Versions/A/Resources/libPng.dylib
0x000000000b724000 	/System/Library/Frameworks/ImageIO.framework/Versions/A/Resources/libGIF.dylib
0x000000000b724000 	/System/Library/Frameworks/ImageIO.framework/Versions/A/Resources/libJP2.dylib
0x000000000b724000 	/System/Library/Frameworks/ImageIO.framework/Versions/A/Resources/libRadiance.dylib
0x000000000b724000 	/usr/lib/libexpat.1.dylib
0x000000000b724000 	/System/Library/PrivateFrameworks/AppleJPEG.framework/Versions/A/AppleJPEG
0x000000000b724000 	/System/Library/PrivateFrameworks/FontServices.framework/libFontParser.dylib
0x000000000b724000 	/System/Library/PrivateFrameworks/WatchdogClient.framework/Versions/A/WatchdogClient
0x000000000b724000 	/System/Library/PrivateFrameworks/IOAccelerator.framework/Versions/A/IOAccelerator
0x000000000b724000 	/System/Library/Frameworks/MetalPerformanceShaders.framework/Versions/A/MetalPerformanceShaders
0x000000000b724000 	/System/Library/PrivateFrameworks/GPUWrangler.framework/Versions/A/GPUWrangler
0x000000000b724000 	/System/Library/PrivateFrameworks/IOPresentment.framework/Versions/A/IOPresentment
0x000000000b724000 	/System/Library/PrivateFrameworks/DSExternalDisplay.framework/Versions/A/DSExternalDisplay
0x000000000b724000 	/System/Library/Frameworks/OpenGL.framework/Versions/A/Libraries/libCoreFSCache.dylib
0x000000000b724000 	/System/Library/Frameworks/MetalPerformanceShaders.framework/Frameworks/MPSCore.framework/Versions/A/MPSCore
0x000000000b724000 	/System/Library/Frameworks/MetalPerformanceShaders.framework/Frameworks/MPSImage.framework/Versions/A/MPSImage
0x000000000b724000 	/System/Library/Frameworks/MetalPerformanceShaders.framework/Frameworks/MPSNeuralNetwork.framework/Versions/A/MPSNeuralNetwork
0x000000000b724000 	/System/Library/Frameworks/MetalPerformanceShaders.framework/Frameworks/MPSMatrix.framework/Versions/A/MPSMatrix
0x000000000b724000 	/System/Library/Frameworks/MetalPerformanceShaders.framework/Frameworks/MPSRayIntersector.framework/Versions/A/MPSRayIntersector
0x000000000b724000 	/System/Library/Frameworks/MetalPerformanceShaders.framework/Frameworks/MPSNDArray.framework/Versions/A/MPSNDArray
0x000000000b724000 	/System/Library/PrivateFrameworks/MetalTools.framework/Versions/A/MetalTools
0x000000000b724000 	/System/Library/PrivateFrameworks/AggregateDictionary.framework/Versions/A/AggregateDictionary
0x000000000b724000 	/System/Library/PrivateFrameworks/CoreAnalytics.framework/Versions/A/CoreAnalytics
0x000000000b724000 	/System/Library/PrivateFrameworks/AppleSauce.framework/Versions/A/AppleSauce
0x000000000b724000 	/usr/lib/libIOReport.dylib
0x000000000b724000 	/System/Library/Frameworks/CoreVideo.framework/Versions/A/CoreVideo
0x000000000b724000 	/System/Library/PrivateFrameworks/GraphVisualizer.framework/Versions/A/GraphVisualizer
0x000000000b724000 	/System/Library/PrivateFrameworks/FaceCore.framework/Versions/A/FaceCore
0x000000000b724000 	/System/Library/Frameworks/OpenCL.framework/Versions/A/OpenCL
0x000000000b724000 	/usr/lib/libFosl_dynamic.dylib
0x000000000b724000 	/System/Library/PrivateFrameworks/OTSVG.framework/Versions/A/OTSVG
0x000000000b724000 	/System/Library/Frameworks/ApplicationServices.framework/Versions/A/Frameworks/ATS.framework/Versions/A/Resources/libFontRegistry.dylib
0x000000000b724000 	/System/Library/PrivateFrameworks/FontServices.framework/libhvf.dylib
0x000000000b724000 	/System/Library/Frameworks/OpenGL.framework/Versions/A/Libraries/libGFXShared.dylib
0x000000000b724000 	/System/Library/Frameworks/OpenGL.framework/Versions/A/Libraries/libGLU.dylib
0x000000000b724000 	/System/Library/Frameworks/OpenGL.framework/Versions/A/Libraries/libGL.dylib
0x000000000b724000 	/System/Library/Frameworks/OpenGL.framework/Versions/A/Libraries/libGLImage.dylib
0x000000000b724000 	/System/Library/Frameworks/OpenGL.framework/Versions/A/Libraries/libCVMSPluginSupport.dylib
0x000000000b724000 	/System/Library/Frameworks/OpenGL.framework/Versions/A/Libraries/libCoreVMClient.dylib
0x000000000b724000 	/usr/lib/libncurses.5.4.dylib
0x000000000b724000 	/System/Library/Frameworks/ApplicationServices.framework/Versions/A/Frameworks/ATS.framework/Versions/A/ATS
0x000000000b724000 	/System/Library/Frameworks/ApplicationServices.framework/Versions/A/Frameworks/ColorSyncLegacy.framework/Versions/A/ColorSyncLegacy
0x000000000b724000 	/System/Library/Frameworks/ApplicationServices.framework/Versions/A/Frameworks/HIServices.framework/Versions/A/HIServices
0x000000000b724000 	/System/Library/Frameworks/ApplicationServices.framework/Versions/A/Frameworks/LangAnalysis.framework/Versions/A/LangAnalysis
0x000000000b724000 	/System/Library/Frameworks/ApplicationServices.framework/Versions/A/Frameworks/PrintCore.framework/Versions/A/PrintCore
0x000000000b724000 	/System/Library/Frameworks/ApplicationServices.framework/Versions/A/Frameworks/QD.framework/Versions/A/QD
0x000000000b724000 	/System/Library/Frameworks/ApplicationServices.framework/Versions/A/Frameworks/SpeechSynthesis.framework/Versions/A/SpeechSynthesis
0x000000000b724000 	/System/Library/Frameworks/ApplicationServices.framework/Versions/A/Frameworks/ATSUI.framework/Versions/A/ATSUI
0x000000000b724000 	/usr/lib/libcups.2.dylib
0x000000000b724000 	/System/Library/Frameworks/Kerberos.framework/Versions/A/Kerberos
0x000000000b724000 	/System/Library/Frameworks/GSS.framework/Versions/A/GSS
0x000000000b724000 	/usr/lib/libresolv.9.dylib
0x000000000b724000 	/System/Library/PrivateFrameworks/Heimdal.framework/Versions/A/Heimdal
0x000000000b724000 	/System/Library/Frameworks/Kerberos.framework/Versions/A/Libraries/libHeimdalProxy.dylib
0x000000000b724000 	/usr/lib/libheimdal-asn1.dylib
0x000000000b724000 	/System/Library/PrivateFrameworks/CommonAuth.framework/Versions/A/CommonAuth
0x000000000b724000 	/System/Library/PrivateFrameworks/AssertionServices.framework/Versions/A/AssertionServices
0x000000000b724000 	/System/Library/PrivateFrameworks/AudioToolboxCore.framework/Versions/A/AudioToolboxCore
0x000000000b724000 	/System/Library/PrivateFrameworks/caulk.framework/Versions/A/caulk
0x000000000b724000 	/System/Library/PrivateFrameworks/BaseBoard.framework/Versions/A/BaseBoard
0x000000000b724000 	/System/Library/PrivateFrameworks/RunningBoardServices.framework/Versions/A/RunningBoardServices
0x000000000b724000 	/System/Library/PrivateFrameworks/PersistentConnection.framework/Versions/A/PersistentConnection
0x000000000b724000 	/System/Library/PrivateFrameworks/ProtocolBuffer.framework/Versions/A/ProtocolBuffer
0x000000000b724000 	/System/Library/PrivateFrameworks/CommonUtilities.framework/Versions/A/CommonUtilities
0x000000000b724000 	/System/Library/PrivateFrameworks/Bom.framework/Versions/A/Bom
0x000000000b724000 	/usr/lib/libAudioToolboxUtility.dylib
0x000000000b724000 	/System/Library/PrivateFrameworks/Backup.framework/Versions/A/Backup
0x000000000b724000 	/System/Library/PrivateFrameworks/CrashReporterSupport.framework/Versions/A/CrashReporterSupport
0x000000000b724000 	/System/Library/PrivateFrameworks/Sharing.framework/Versions/A/Sharing
0x000000000b724000 	/System/Library/PrivateFrameworks/Apple80211.framework/Versions/A/Apple80211
0x000000000b724000 	/System/Library/PrivateFrameworks/AuthKit.framework/Versions/A/AuthKit
0x000000000b724000 	/System/Library/PrivateFrameworks/CoreUtils.framework/Versions/A/CoreUtils
0x000000000b724000 	/System/Library/Frameworks/CoreWLAN.framework/Versions/A/CoreWLAN
0x000000000b724000 	/System/Library/Frameworks/IOBluetooth.framework/Versions/A/IOBluetooth
0x000000000b724000 	/System/Library/PrivateFrameworks/MobileKeyBag.framework/Versions/A/MobileKeyBag
0x000000000b724000 	/System/Library/PrivateFrameworks/CorePhoneNumbers.framework/Versions/A/CorePhoneNumbers
0x000000000b724000 	/System/Library/PrivateFrameworks/AppleIDAuthSupport.framework/Versions/A/AppleIDAuthSupport
0x000000000b724000 	/System/Library/Frameworks/Network.framework/Versions/A/Network
0x000000000b724000 	/System/Library/PrivateFrameworks/KeychainCircle.framework/Versions/A/KeychainCircle
0x000000000b724000 	/System/Library/Frameworks/CoreBluetooth.framework/Versions/A/CoreBluetooth
0x000000000b724000 	/System/Library/PrivateFrameworks/SpeechRecognitionCore.framework/Versions/A/SpeechRecognitionCore
0x000000010e600000 	/Library/Java/JavaVirtualMachines/jdk1.8.0_151.jdk/Contents/Home/jre/lib/server/libjvm.dylib
0x000000000b724000 	/usr/lib/libstdc++.6.dylib
0x000000010ccf1000 	/Library/Java/JavaVirtualMachines/jdk1.8.0_151.jdk/Contents/Home/jre/lib/libverify.dylib
0x000000010ccff000 	/Library/Java/JavaVirtualMachines/jdk1.8.0_151.jdk/Contents/Home/jre/lib/libjava.dylib
0x000000010cd35000 	/Library/Java/JavaVirtualMachines/jdk1.8.0_151.jdk/Contents/Home/jre/lib/libjdwp.dylib
0x000000010cd80000 	/Library/Java/JavaVirtualMachines/jdk1.8.0_151.jdk/Contents/Home/jre/lib/libnpt.dylib
0x000000010cd84000 	/Library/Java/JavaVirtualMachines/jdk1.8.0_151.jdk/Contents/Home/jre/lib/libinstrument.dylib
0x000000010cdf0000 	/Library/Java/JavaVirtualMachines/jdk1.8.0_151.jdk/Contents/Home/jre/lib/libzip.dylib
0x000000000b724000 	/System/Library/Frameworks/JavaVM.framework/Versions/A/Frameworks/JavaRuntimeSupport.framework/Versions/A/JavaRuntimeSupport
0x000000000b724000 	/System/Library/Frameworks/JavaVM.framework/Versions/A/Frameworks/JavaNativeFoundation.framework/Versions/A/JavaNativeFoundation
0x000000000b724000 	/System/Library/Frameworks/JavaVM.framework/Versions/A/JavaVM
0x000000000b724000 	/System/Library/Frameworks/Carbon.framework/Versions/A/Carbon
0x000000000b724000 	/System/Library/PrivateFrameworks/CoreSymbolication.framework/Versions/A/CoreSymbolication
0x000000000b724000 	/System/Library/PrivateFrameworks/JavaLaunching.framework/Versions/A/JavaLaunching
0x000000000b724000 	/System/Library/Frameworks/Carbon.framework/Versions/A/Frameworks/CommonPanels.framework/Versions/A/CommonPanels
0x000000000b724000 	/System/Library/Frameworks/Carbon.framework/Versions/A/Frameworks/Help.framework/Versions/A/Help
0x000000000b724000 	/System/Library/Frameworks/Carbon.framework/Versions/A/Frameworks/ImageCapture.framework/Versions/A/ImageCapture
0x000000000b724000 	/System/Library/Frameworks/Carbon.framework/Versions/A/Frameworks/OpenScripting.framework/Versions/A/OpenScripting
0x000000000b724000 	/System/Library/Frameworks/Carbon.framework/Versions/A/Frameworks/Ink.framework/Versions/A/Ink
0x000000000b724000 	/System/Library/Frameworks/Carbon.framework/Versions/A/Frameworks/Print.framework/Versions/A/Print
0x000000000b724000 	/System/Library/Frameworks/Carbon.framework/Versions/A/Frameworks/SecurityHI.framework/Versions/A/SecurityHI
0x000000000b724000 	/System/Library/PrivateFrameworks/DebugSymbols.framework/Versions/A/DebugSymbols
0x00000001198fe000 	/Library/Java/JavaVirtualMachines/jdk1.8.0_151.jdk/Contents/Home/jre/lib/libdt_socket.dylib
0x000000012b0b6000 	/Library/Java/JavaVirtualMachines/jdk1.8.0_151.jdk/Contents/Home/jre/lib/libnio.dylib
0x000000012b0c6000 	/Library/Java/JavaVirtualMachines/jdk1.8.0_151.jdk/Contents/Home/jre/lib/libnet.dylib

VM Arguments:
jvm_args: -agentlib:jdwp=transport=dt_socket,address=127.0.0.1:56290,suspend=y,server=n -javaagent:/Users/aidancunniffe/Library/Caches/IdeaIC2019.3/captureAgent/debugger-agent.jar -Dfile.encoding=UTF-8 
java_command: org.jetbrains.plugins.scala.testingSupport.scalaTest.ScalaTestRunner -s com.useoptic.ddd.EventSourcedRepositorySpec -s com.useoptic.ux.DiffPreviewerSpec -s com.useoptic.end_to_end.DiffUseCasesSpec -s com.useoptic.end_to_end.ShapeBuilderUseCases -s com.useoptic.ddd.InMemoryEventStoreSpec -s com.useoptic.contexts.requests.RequestsStateBuilderSpec -s com.useoptic.end_to_end.snapshot_task.EndEndDiffTask -s com.useoptic.diff.interactions.CoverageVisitorSpec -s com.useoptic.contexts.shapes.ShapesEndToEndSpec -s com.useoptic.diff.helpers.DiffHelpersSpec -s com.useoptic.ddd.projections.ProjectionLogicSpec -s com.useoptic.end_to_end.snapshot_task.ShapeNameTask -s com.useoptic.end_to_end.ShapeNamesSpec -s com.useoptic.diff.interactions.DiffVisitorSpec -s com.useoptic.serialization.CommandSerializationSpec -s com.useoptic.serialization.ShapeHashSerializationSpec -s com.useoptic.end_to_end.snapshot_task.CommandsToEventsSnapshotTask -s com.useoptic.contexts.requests.UtilitiesSpec -s com.useoptic.contexts.rfc.ScmStateSpec -s com.useoptic.diff.shapes.ResolverSpec -s com.useoptic.serialization.TryChainUtilSpec -s com.useoptic.contexts.rfc.ContributionsProjectionSpec -s com.useoptic.end_to_end.snapshot_task.BuildShapeTask -C org.jetbrains.plugins.scala.testingSupport.scalaTest.ScalaTestReporter -showProgressMessages true
java_class_path (initial): /Users/aidancunniffe/Library/Application Support/IdeaIC2019.3/Scala/lib/runners.jar:/Library/Java/JavaVirtualMachines/jdk1.8.0_151.jdk/Contents/Home/jre/lib/charsets.jar:/Library/Java/JavaVirtualMachines/jdk1.8.0_151.jdk/Contents/Home/jre/lib/deploy.jar:/Library/Java/JavaVirtualMachines/jdk1.8.0_151.jdk/Contents/Home/jre/lib/ext/cldrdata.jar:/Library/Java/JavaVirtualMachines/jdk1.8.0_151.jdk/Contents/Home/jre/lib/ext/dnsns.jar:/Library/Java/JavaVirtualMachines/jdk1.8.0_151.jdk/Contents/Home/jre/lib/ext/jaccess.jar:/Library/Java/JavaVirtualMachines/jdk1.8.0_151.jdk/Contents/Home/jre/lib/ext/jfxrt.jar:/Library/Java/JavaVirtualMachines/jdk1.8.0_151.jdk/Contents/Home/jre/lib/ext/localedata.jar:/Library/Java/JavaVirtualMachines/jdk1.8.0_151.jdk/Contents/Home/jre/lib/ext/nashorn.jar:/Library/Java/JavaVirtualMachines/jdk1.8.0_151.jdk/Contents/Home/jre/lib/ext/sunec.jar:/Library/Java/JavaVirtualMachines/jdk1.8.0_151.jdk/Contents/Home/jre/lib/ext/sunjce_provider.jar:/Library/Java/JavaVirtualMachines/jdk1.8.0_151.jdk/Contents/Home/jre/lib/ext/sunpkcs11.jar:/Library/Java/JavaVirtualMachines/jdk1.8.0_151.jdk/Contents/Home/jre/lib/ext/zipfs.jar:/Library/Java/JavaVirtualMachines/jdk1.8.0_151.jdk/Contents/Home/jre/lib/javaws.jar:/Library/Java/JavaVirtualMachines/jdk1.8.0_151.jdk/Contents/Home/jre/lib/jce.jar:/Library/Java/JavaVirtualMachines/jdk1.8.0_151.jdk/Contents/Home/jre/lib/jfr.jar:/Library/Java/JavaVirtualMachines/jdk1.8.0_151.jdk/Contents/Home/jre/lib/jfxswt.jar:/Library/Java/JavaVirtualMachines/jdk1.8.0_151.jdk/Contents/Home/jre/lib/jsse.jar:/Library/Java/JavaVirtualMachines/jdk1.8.0_151.jdk/Contents/Home/jre/lib/management-agent.jar:/Library/Java/JavaVirtualMachines/jdk1.8.0_151.jdk/Contents/Home/jre/lib/plugin.jar:/Library/Java/JavaVirtualMachines/jdk1.8.0_151.jdk/Contents/Home/jre/lib/resources.jar:/Library/Java/JavaVirtualMachines/jdk1.8.0_151.jdk/Contents/Home/jre/lib/rt.jar:/Library/Java/JavaVirtualMachines/jdk1.8.0_151.jdk/Contents/Home
Launcher Type: SUN_STANDARD

Environment Variables:
PATH=/Library/Frameworks/Python.framework/Versions/3.7/bin:/Users/aidancunniffe/.nvm/versions/node/v12.4.0/bin:/opt/local/bin:/opt/local/sbin:/usr/local/bin:/usr/bin:/bin:/usr/sbin:/sbin:/usr/local/go/bin:/opt/X11/bin:/Users/aidancunniffe/Library/Android/sdk/tools:/Users/aidancunniffe/Library/Android/sdk/platform-tools:/Users/aidancunniffe/Library/Python/2.7/bin:/usr/local/bin:/usr/bin:/bin:/usr/sbin:/sbin:/usr/local/go/bin:/opt/X11/bin:/Users/aidancunniffe/Library/Android/sdk/tools:/Users/aidancunniffe/Library/Android/sdk/platform-tools
SHELL=/bin/bash
DISPLAY=/private/tmp/com.apple.launchd.UrWH6mVe6R/org.macosforge.xquartz:0

Signal Handlers:
SIGSEGV: [libjvm.dylib+0x5b27a5], sa_mask[0]=11111111011111110111111111111111, sa_flags=SA_ONSTACK|SA_RESTART|SA_SIGINFO
SIGBUS: [libjvm.dylib+0x5b27a5], sa_mask[0]=11111111011111110111111111111111, sa_flags=SA_RESTART|SA_SIGINFO
SIGFPE: [libjvm.dylib+0x4891c4], sa_mask[0]=11111111011111110111111111111111, sa_flags=SA_RESTART|SA_SIGINFO
SIGPIPE: [libjvm.dylib+0x4891c4], sa_mask[0]=11111111011111110111111111111111, sa_flags=SA_RESTART|SA_SIGINFO
SIGXFSZ: [libjvm.dylib+0x4891c4], sa_mask[0]=11111111011111110111111111111111, sa_flags=SA_RESTART|SA_SIGINFO
SIGILL: [libjvm.dylib+0x4891c4], sa_mask[0]=11111111011111110111111111111111, sa_flags=SA_RESTART|SA_SIGINFO
SIGUSR1: SIG_DFL, sa_mask[0]=00000000000000000000000000000000, sa_flags=none
SIGUSR2: [libjvm.dylib+0x488ce2], sa_mask[0]=00100000000000000000000000000000, sa_flags=SA_RESTART|SA_SIGINFO
SIGHUP: [libjvm.dylib+0x4872b9], sa_mask[0]=11111111011111110111111111111111, sa_flags=SA_RESTART|SA_SIGINFO
SIGINT: [libjvm.dylib+0x4872b9], sa_mask[0]=11111111011111110111111111111111, sa_flags=SA_RESTART|SA_SIGINFO
SIGTERM: [libjvm.dylib+0x4872b9], sa_mask[0]=11111111011111110111111111111111, sa_flags=SA_RESTART|SA_SIGINFO
SIGQUIT: [libjvm.dylib+0x4872b9], sa_mask[0]=11111111011111110111111111111111, sa_flags=SA_RESTART|SA_SIGINFO


---------------  S Y S T E M  ---------------

OS:Bsduname:Darwin 19.5.0 Darwin Kernel Version 19.5.0: Tue May 26 20:41:44 PDT 2020; root:xnu-6153.121.2~2/RELEASE_X86_64 x86_64
rlimit: STACK 8192k, CORE 0k, NPROC 2784, NOFILE 10240, AS infinity
load average:2.40 2.89 3.07

CPU:total 12 (initial active 12) (6 cores per cpu, 2 threads per core) family 6 model 158 stepping 10, cmov, cx8, fxsr, mmx, sse, sse2, sse3, ssse3, sse4.1, sse4.2, popcnt, avx, avx2, aes, clmul, erms, 3dnowpref, lzcnt, ht, tsc, tscinvbit, bmi1, bmi2, adx

Memory: 4k page, physical 16777216k(81820k free)

/proc/meminfo:


vm_info: Java HotSpot(TM) 64-Bit Server VM (25.151-b12) for bsd-amd64 JRE (1.8.0_151-b12), built on Sep  5 2017 19:37:08 by "java_re" with gcc 4.2.1 (Based on Apple Inc. build 5658) (LLVM build 2336.11.00)

time: Thu Jul 16 11:26:20 2020
elapsed time: 3 seconds (0d 0h 0m 3s)

